[debug] [2023-04-05T15:45:48.018Z] ----------------------------------------------------------------------
[debug] [2023-04-05T15:45:48.021Z] Command:       C:\Program Files\nodejs\node.exe C:\Users\ASHUTOSH KR\AppData\Roaming\npm\node_modules\firebase-tools\lib\bin\firebase.js deploy
[debug] [2023-04-05T15:45:48.022Z] CLI Version:   11.25.1
[debug] [2023-04-05T15:45:48.022Z] Platform:      win32
[debug] [2023-04-05T15:45:48.023Z] Node Version:  v18.4.0
[debug] [2023-04-05T15:45:48.032Z] Time:          Wed Apr 05 2023 21:15:48 GMT+0530 (India Standard Time)
[debug] [2023-04-05T15:45:48.033Z] ----------------------------------------------------------------------
[debug] 
[debug] [2023-04-05T15:45:48.150Z] > command requires scopes: ["email","openid","https://www.googleapis.com/auth/cloudplatformprojects.readonly","https://www.googleapis.com/auth/firebase","https://www.googleapis.com/auth/cloud-platform"]
[debug] [2023-04-05T15:45:48.151Z] > authorizing via signed-in user (kashutosh727@gmail.com)
[debug] [2023-04-05T15:45:48.151Z] [iam] checking project cashbook-1244 for permissions ["firebase.projects.get","firebasehosting.sites.update"]
[debug] [2023-04-05T15:45:48.154Z] > refreshing access token with scopes: []
[debug] [2023-04-05T15:45:48.156Z] >>> [apiv2][query] POST https://www.googleapis.com/oauth2/v3/token [none]
[debug] [2023-04-05T15:45:48.157Z] >>> [apiv2][body] POST https://www.googleapis.com/oauth2/v3/token [omitted]
[debug] [2023-04-05T15:45:48.769Z] <<< [apiv2][status] POST https://www.googleapis.com/oauth2/v3/token 400
[debug] [2023-04-05T15:45:48.769Z] <<< [apiv2][body] POST https://www.googleapis.com/oauth2/v3/token [omitted]
[debug] [2023-04-05T15:45:48.770Z] >>> [apiv2][query] POST https://cloudresourcemanager.googleapis.com/v1/projects/cashbook-1244:testIamPermissions [none]
[debug] [2023-04-05T15:45:48.770Z] >>> [apiv2][(partial)header] POST https://cloudresourcemanager.googleapis.com/v1/projects/cashbook-1244:testIamPermissions x-goog-quota-user=projects/cashbook-1244
[debug] [2023-04-05T15:45:48.771Z] >>> [apiv2][body] POST https://cloudresourcemanager.googleapis.com/v1/projects/cashbook-1244:testIamPermissions {"permissions":["firebase.projects.get","firebasehosting.sites.update"]}
[debug] [2023-04-05T15:45:50.177Z] <<< [apiv2][status] POST https://cloudresourcemanager.googleapis.com/v1/projects/cashbook-1244:testIamPermissions 401
[debug] [2023-04-05T15:45:50.177Z] <<< [apiv2][body] POST https://cloudresourcemanager.googleapis.com/v1/projects/cashbook-1244:testIamPermissions {"error":{"code":401,"message":"Request had invalid authentication credentials. Expected OAuth 2 access token, login cookie or other valid authentication credential. See https://developers.google.com/identity/sign-in/web/devconsole-project.","status":"UNAUTHENTICATED","details":[{"@type":"type.googleapis.com/google.rpc.ErrorInfo","reason":"ACCESS_TOKEN_TYPE_UNSUPPORTED","metadata":{"service":"cloudresourcemanager.googleapis.com","method":"google.cloudresourcemanager.v1.Projects.TestIamPermissions"}}]}}
[debug] [2023-04-05T15:45:50.179Z] [iam] error while checking permissions, command may fail: FirebaseError: HTTP Error: 401, Request had invalid authentication credentials. Expected OAuth 2 access token, login cookie or other valid authentication credential. See https://developers.google.com/identity/sign-in/web/devconsole-project.
[debug] [2023-04-05T15:45:50.180Z] > refreshing access token with scopes: []
[debug] [2023-04-05T15:45:50.182Z] >>> [apiv2][query] POST https://www.googleapis.com/oauth2/v3/token [none]
[debug] [2023-04-05T15:45:50.182Z] >>> [apiv2][body] POST https://www.googleapis.com/oauth2/v3/token [omitted]
[debug] [2023-04-05T15:45:50.717Z] <<< [apiv2][status] POST https://www.googleapis.com/oauth2/v3/token 400
[debug] [2023-04-05T15:45:50.717Z] <<< [apiv2][body] POST https://www.googleapis.com/oauth2/v3/token [omitted]
[debug] [2023-04-05T15:45:50.718Z] >>> [apiv2][query] GET https://firebase.googleapis.com/v1beta1/projects/cashbook-1244 [none]
[debug] [2023-04-05T15:45:51.266Z] <<< [apiv2][status] GET https://firebase.googleapis.com/v1beta1/projects/cashbook-1244 401
[debug] [2023-04-05T15:45:51.267Z] <<< [apiv2][body] GET https://firebase.googleapis.com/v1beta1/projects/cashbook-1244 {"error":{"code":401,"message":"Request had invalid authentication credentials. Expected OAuth 2 access token, login cookie or other valid authentication credential. See https://developers.google.com/identity/sign-in/web/devconsole-project.","status":"UNAUTHENTICATED"}}
[debug] [2023-04-05T15:45:51.267Z] HTTP Error: 401, Request had invalid authentication credentials. Expected OAuth 2 access token, login cookie or other valid authentication credential. See https://developers.google.com/identity/sign-in/web/devconsole-project.
[debug] [2023-04-05T15:45:51.691Z] FirebaseError: HTTP Error: 401, Request had invalid authentication credentials. Expected OAuth 2 access token, login cookie or other valid authentication credential. See https://developers.google.com/identity/sign-in/web/devconsole-project.
    at responseToError (C:\Users\ASHUTOSH KR\AppData\Roaming\npm\node_modules\firebase-tools\lib\responseToError.js:49:12)
    at RetryOperation._fn (C:\Users\ASHUTOSH KR\AppData\Roaming\npm\node_modules\firebase-tools\lib\apiv2.js:288:77)
    at process.processTicksAndRejections (node:internal/process/task_queues:95:5)
[error] 
[error] Error: Failed to get Firebase project cashbook-1244. Please make sure the project exists and your account has permission to access it.
[debug] [2023-04-05T15:47:53.013Z] ----------------------------------------------------------------------
[debug] [2023-04-05T15:47:53.016Z] Command:       C:\Program Files\nodejs\node.exe C:\Users\ASHUTOSH KR\AppData\Roaming\npm\node_modules\firebase-tools\lib\bin\firebase.js deploy
[debug] [2023-04-05T15:47:53.017Z] CLI Version:   11.25.1
[debug] [2023-04-05T15:47:53.017Z] Platform:      win32
[debug] [2023-04-05T15:47:53.017Z] Node Version:  v18.4.0
[debug] [2023-04-05T15:47:53.026Z] Time:          Wed Apr 05 2023 21:17:53 GMT+0530 (India Standard Time)
[debug] [2023-04-05T15:47:53.027Z] ----------------------------------------------------------------------
[debug] 
[debug] [2023-04-05T15:47:53.139Z] > command requires scopes: ["email","openid","https://www.googleapis.com/auth/cloudplatformprojects.readonly","https://www.googleapis.com/auth/firebase","https://www.googleapis.com/auth/cloud-platform"]
[debug] [2023-04-05T15:47:53.139Z] > authorizing via signed-in user (kashutosh727@gmail.com)
[debug] [2023-04-05T15:47:53.140Z] [iam] checking project cashbook-1244 for permissions ["firebase.projects.get","firebasehosting.sites.update"]
[debug] [2023-04-05T15:47:53.143Z] > refreshing access token with scopes: []
[debug] [2023-04-05T15:47:53.147Z] >>> [apiv2][query] POST https://www.googleapis.com/oauth2/v3/token [none]
[debug] [2023-04-05T15:47:53.147Z] >>> [apiv2][body] POST https://www.googleapis.com/oauth2/v3/token [omitted]
[debug] [2023-04-05T15:47:53.799Z] <<< [apiv2][status] POST https://www.googleapis.com/oauth2/v3/token 400
[debug] [2023-04-05T15:47:53.799Z] <<< [apiv2][body] POST https://www.googleapis.com/oauth2/v3/token [omitted]
[debug] [2023-04-05T15:47:53.799Z] >>> [apiv2][query] POST https://cloudresourcemanager.googleapis.com/v1/projects/cashbook-1244:testIamPermissions [none]
[debug] [2023-04-05T15:47:53.799Z] >>> [apiv2][(partial)header] POST https://cloudresourcemanager.googleapis.com/v1/projects/cashbook-1244:testIamPermissions x-goog-quota-user=projects/cashbook-1244
[debug] [2023-04-05T15:47:53.800Z] >>> [apiv2][body] POST https://cloudresourcemanager.googleapis.com/v1/projects/cashbook-1244:testIamPermissions {"permissions":["firebase.projects.get","firebasehosting.sites.update"]}
[debug] [2023-04-05T15:47:55.294Z] <<< [apiv2][status] POST https://cloudresourcemanager.googleapis.com/v1/projects/cashbook-1244:testIamPermissions 401
[debug] [2023-04-05T15:47:55.294Z] <<< [apiv2][body] POST https://cloudresourcemanager.googleapis.com/v1/projects/cashbook-1244:testIamPermissions {"error":{"code":401,"message":"Request had invalid authentication credentials. Expected OAuth 2 access token, login cookie or other valid authentication credential. See https://developers.google.com/identity/sign-in/web/devconsole-project.","status":"UNAUTHENTICATED","details":[{"@type":"type.googleapis.com/google.rpc.ErrorInfo","reason":"ACCESS_TOKEN_TYPE_UNSUPPORTED","metadata":{"method":"google.cloudresourcemanager.v1.Projects.TestIamPermissions","service":"cloudresourcemanager.googleapis.com"}}]}}
[debug] [2023-04-05T15:47:55.297Z] [iam] error while checking permissions, command may fail: FirebaseError: HTTP Error: 401, Request had invalid authentication credentials. Expected OAuth 2 access token, login cookie or other valid authentication credential. See https://developers.google.com/identity/sign-in/web/devconsole-project.
[debug] [2023-04-05T15:47:55.297Z] > refreshing access token with scopes: []
[debug] [2023-04-05T15:47:55.298Z] >>> [apiv2][query] POST https://www.googleapis.com/oauth2/v3/token [none]
[debug] [2023-04-05T15:47:55.298Z] >>> [apiv2][body] POST https://www.googleapis.com/oauth2/v3/token [omitted]
[debug] [2023-04-05T15:47:56.259Z] <<< [apiv2][status] POST https://www.googleapis.com/oauth2/v3/token 400
[debug] [2023-04-05T15:47:56.260Z] <<< [apiv2][body] POST https://www.googleapis.com/oauth2/v3/token [omitted]
[debug] [2023-04-05T15:47:56.261Z] >>> [apiv2][query] GET https://firebase.googleapis.com/v1beta1/projects/cashbook-1244 [none]
[debug] [2023-04-05T15:47:56.977Z] <<< [apiv2][status] GET https://firebase.googleapis.com/v1beta1/projects/cashbook-1244 401
[debug] [2023-04-05T15:47:56.978Z] <<< [apiv2][body] GET https://firebase.googleapis.com/v1beta1/projects/cashbook-1244 {"error":{"code":401,"message":"Request had invalid authentication credentials. Expected OAuth 2 access token, login cookie or other valid authentication credential. See https://developers.google.com/identity/sign-in/web/devconsole-project.","status":"UNAUTHENTICATED"}}
[debug] [2023-04-05T15:47:56.978Z] HTTP Error: 401, Request had invalid authentication credentials. Expected OAuth 2 access token, login cookie or other valid authentication credential. See https://developers.google.com/identity/sign-in/web/devconsole-project.
[debug] [2023-04-05T15:47:57.414Z] FirebaseError: HTTP Error: 401, Request had invalid authentication credentials. Expected OAuth 2 access token, login cookie or other valid authentication credential. See https://developers.google.com/identity/sign-in/web/devconsole-project.
    at responseToError (C:\Users\ASHUTOSH KR\AppData\Roaming\npm\node_modules\firebase-tools\lib\responseToError.js:49:12)
    at RetryOperation._fn (C:\Users\ASHUTOSH KR\AppData\Roaming\npm\node_modules\firebase-tools\lib\apiv2.js:288:77)
    at process.processTicksAndRejections (node:internal/process/task_queues:95:5)
[error] 
[error] Error: Failed to get Firebase project cashbook-1244. Please make sure the project exists and your account has permission to access it.
